<?xml version="1.0" encoding="UTF-8"?>
<testng-results ignored="0" total="1" passed="1" failed="0" skipped="0">
  <reporter-output>
  </reporter-output>
  <suite started-at="2025-08-01T23:11:16 IST" name="TrelloAutomationSuite" finished-at="2025-08-01T23:12:06 IST" duration-ms="50129">
    <groups>
    </groups>
    <test started-at="2025-08-01T23:11:16 IST" name="TrelloTest" finished-at="2025-08-01T23:12:06 IST" duration-ms="50129">
      <class name="tests.TrelloAutomationTest">
        <test-method is-config="true" signature="setup()[pri:0, instance:tests.TrelloAutomationTest@6892b3b6]" started-at="2025-08-01T23:11:16 IST" name="setup" finished-at="2025-08-01T23:11:23 IST" duration-ms="6372" status="PASS">
          <reporter-output>
          </reporter-output>
        </test-method> <!-- setup -->
        <test-method signature="completeTrelloWorkflow()[pri:0, instance:tests.TrelloAutomationTest@6892b3b6]" started-at="2025-08-01T23:11:23 IST" name="completeTrelloWorkflow" finished-at="2025-08-01T23:12:06 IST" duration-ms="43047" status="PASS">
          <reporter-output>
          </reporter-output>
        </test-method> <!-- completeTrelloWorkflow -->
        <test-method is-config="true" signature="tearDown()[pri:0, instance:tests.TrelloAutomationTest@6892b3b6]" started-at="2025-08-01T23:12:06 IST" name="tearDown" finished-at="2025-08-01T23:12:06 IST" duration-ms="637" status="PASS">
          <reporter-output>
          </reporter-output>
        </test-method> <!-- tearDown -->
      </class> <!-- tests.TrelloAutomationTest -->
    </test> <!-- TrelloTest -->
  </suite> <!-- TrelloAutomationSuite -->
</testng-results>
